<?xml version="1.0" encoding="UTF-8"?>
<!-- Generated by org.testng.reporters.JUnitXMLReporter -->
<testsuite ignored="0" hostname="DESKTOP-0L2DKAB" failures="0" tests="2" name="Error Validation Test" time="51.2" errors="0" timestamp="2025-07-13T13:22:09 IST">
  <testcase classname="rahulshettyacademy.test.ErrorValidation" name="submitOrder" time="3.599">
    <skipped/>
  </testcase> <!-- submitOrder -->
  <testcase classname="rahulshettyacademy.test.ErrorValidation" name="submitOrder" time="13.834"/>
</testsuite> <!-- Error Validation Test -->
